<?xml version="1.0" encoding="UTF-8"?>
<!-- Generated by org.testng.reporters.JUnitReportReporter -->
<testsuite hostname="Sandeeps-MacBook-Pro.local" name="landingPage_ParentSignUpTestCases.TestCasesParentSignUp" tests="21" failures="0" timestamp="20 Apr 2017 04:43:01 GMT" time="247.011" errors="0">
  <testcase name="enterBlankEmailAndPassword" time="11.116" classname="landingPage_ParentSignUpTestCases.TestCasesParentSignUp"/>
  <testcase name="enterInvalidUserEmailTypeNine" time="10.579" classname="landingPage_ParentSignUpTestCases.TestCasesParentSignUp"/>
  <testcase name="enterInvalidUserEmailTypeThree" time="10.188" classname="landingPage_ParentSignUpTestCases.TestCasesParentSignUp"/>
  <testcase name="enterInvalidUserEmailTypeTwo" time="10.010" classname="landingPage_ParentSignUpTestCases.TestCasesParentSignUp"/>
  <testcase name="enterExistingUserEmail" time="13.349" classname="landingPage_ParentSignUpTestCases.TestCasesParentSignUp"/>
  <testcase name="enterInvalidUserEmailTypeSix" time="10.879" classname="landingPage_ParentSignUpTestCases.TestCasesParentSignUp"/>
  <testcase name="leadingUnderscoreInEmailAddressField" time="15.151" classname="landingPage_ParentSignUpTestCases.TestCasesParentSignUp"/>
  <testcase name="onlyDigitsinAddressInEmail" time="14.662" classname="landingPage_ParentSignUpTestCases.TestCasesParentSignUp"/>
  <testcase name="enterInvalidUserEmailTypeEight" time="10.473" classname="landingPage_ParentSignUpTestCases.TestCasesParentSignUp"/>
  <testcase name="enterInvalidUserEmailTypeOne" time="10.285" classname="landingPage_ParentSignUpTestCases.TestCasesParentSignUp"/>
  <testcase name="enterBlankEmailOnly" time="9.870" classname="landingPage_ParentSignUpTestCases.TestCasesParentSignUp"/>
  <testcase name="dashInEmailAddressField" time="15.594" classname="landingPage_ParentSignUpTestCases.TestCasesParentSignUp"/>
  <testcase name="enterBlankPasswordOnly" time="10.177" classname="landingPage_ParentSignUpTestCases.TestCasesParentSignUp"/>
  <testcase name="enterInvalidUserEmailTypeTen" time="10.409" classname="landingPage_ParentSignUpTestCases.TestCasesParentSignUp"/>
  <testcase name="enterSpaceInUserEmailAndPassword" time="9.795" classname="landingPage_ParentSignUpTestCases.TestCasesParentSignUp"/>
  <testcase name="enterValidEmailAndPasswordTypeOne_capitalLetters" time="14.856" classname="landingPage_ParentSignUpTestCases.TestCasesParentSignUp"/>
  <testcase name="enterInvalidUserEmailTypeSeven" time="11.918" classname="landingPage_ParentSignUpTestCases.TestCasesParentSignUp"/>
  <testcase name="enterInvalidUserEmailTypeFive" time="10.322" classname="landingPage_ParentSignUpTestCases.TestCasesParentSignUp"/>
  <testcase name="enterValidEmailAndPasswordTypeOne_smallLetters" time="15.161" classname="landingPage_ParentSignUpTestCases.TestCasesParentSignUp"/>
  <testcase name="enterInvalidUserEmailTypeEleven" time="11.034" classname="landingPage_ParentSignUpTestCases.TestCasesParentSignUp"/>
  <testcase name="enterInvalidUserEmailTypeFour" time="11.183" classname="landingPage_ParentSignUpTestCases.TestCasesParentSignUp"/>
</testsuite> <!-- landingPage_ParentSignUpTestCases.TestCasesParentSignUp -->
