<?xml version="1.0" encoding="UTF-8"?>
<!-- Generated by org.testng.reporters.JUnitReportReporter -->
<testsuite hostname="Sandeeps-MacBook-Pro.local" name="splashmathWebProjectTesting.AppTest" tests="1" failures="0" timestamp="19 Apr 2017 08:01:27 GMT" time="0.013" errors="0">
  <testcase name="fun" time="0.013" classname="splashmathWebProjectTesting.AppTest"/>
</testsuite> <!-- splashmathWebProjectTesting.AppTest -->
